20240209	01:02:40	POST	/	undefined
20240209	01:02:58	GET	/	undefined
20240209	10:02:06	POST	/api/v1/auth/register	undefined
20240209	11:02:55	POST	/api/v1/auth/register	undefined
20240209	11:02:45	POST	/api/v1/auth/register	undefined
20240209	11:02:54	POST	/api/v1/auth/register	undefined
20240209	11:02:16	POST	/api/v1/auth/register	undefined
20240209	11:02:11	POST	/api/v1/auth/register	undefined
20240209	11:02:06	POST	/api/v1/auth/register	undefined
20240209	11:02:49	POST	/api/v1/auth/otp/verifymail/	undefined
20240209	11:02:01	POST	/api/v1/auth/otp/verifymail/	undefined
20240209	11:02:24	POST	/api/v1/auth/otp/verifymail/	undefined
20240209	11:02:01	POST	/api/v1/auth/otp/verifymail/	undefined
20240209	11:02:46	POST	/api/v1/auth/otp/verifymail/	undefined
20240209	11:02:44	POST	/api/v1/auth/otp/resend/65c5c27371151f757c1401b7	undefined
20240209	11:02:09	POST	/api/v1/auth/otp/verifymail/	undefined
20240209	11:02:17	POST	/api/v1/auth/otp/verifymail/	undefined
20240209	12:02:49	POST	/api/v1/auth/logout/	undefined
20240209	12:02:54	POST	/api/v1/auth/login/	undefined
20240209	12:02:02	GET	/api/auth/refresh-token/	undefined
20240209	12:02:08	POST	/api/auth/refresh-token/	undefined
20240209	12:02:30	POST	/api/v1/auth/refresh-token/	undefined
20240209	12:02:38	POST	/api/v1/auth/refresh-token/	undefined
20240210	01:02:45	POST	/api/v1/auth/updateImage/65c5c27371151f757c1401b7/	undefined
